c:\users\sorin\documents\visual studio 2013\projects\engine\engine\debug\vc120.pdb
c:\users\sorin\documents\visual studio 2013\projects\engine\engine\debug\vc120.idb
c:\users\sorin\documents\visual studio 2013\projects\engine\engine\debug\main.obj
c:\users\sorin\documents\visual studio 2013\projects\engine\engine\debug\systemclass.obj
c:\users\sorin\documents\visual studio 2013\projects\engine\engine\debug\inputclass.obj
c:\users\sorin\documents\visual studio 2013\projects\engine\engine\debug\graphicsclass.obj
c:\users\sorin\documents\visual studio 2013\projects\engine\engine\debug\d3dclass.obj
c:\users\sorin\documents\visual studio 2013\projects\engine\debug\engine.ilk
c:\users\sorin\documents\visual studio 2013\projects\engine\debug\engine.exe
c:\users\sorin\documents\visual studio 2013\projects\engine\debug\engine.pdb
c:\users\sorin\documents\visual studio 2013\projects\engine\engine\debug\engine.tlog\cl.command.1.tlog
c:\users\sorin\documents\visual studio 2013\projects\engine\engine\debug\engine.tlog\cl.read.1.tlog
c:\users\sorin\documents\visual studio 2013\projects\engine\engine\debug\engine.tlog\cl.write.1.tlog
c:\users\sorin\documents\visual studio 2013\projects\engine\engine\debug\engine.tlog\link-cvtres.read.1.tlog
c:\users\sorin\documents\visual studio 2013\projects\engine\engine\debug\engine.tlog\link-cvtres.write.1.tlog
c:\users\sorin\documents\visual studio 2013\projects\engine\engine\debug\engine.tlog\link-rc.read.1.tlog
c:\users\sorin\documents\visual studio 2013\projects\engine\engine\debug\engine.tlog\link-rc.write.1.tlog
c:\users\sorin\documents\visual studio 2013\projects\engine\engine\debug\engine.tlog\link.4480-cvtres.read.1.tlog
c:\users\sorin\documents\visual studio 2013\projects\engine\engine\debug\engine.tlog\link.4480-cvtres.write.1.tlog
c:\users\sorin\documents\visual studio 2013\projects\engine\engine\debug\engine.tlog\link.4480-rc.read.1.tlog
c:\users\sorin\documents\visual studio 2013\projects\engine\engine\debug\engine.tlog\link.4480-rc.write.1.tlog
c:\users\sorin\documents\visual studio 2013\projects\engine\engine\debug\engine.tlog\link.4480.read.1.tlog
c:\users\sorin\documents\visual studio 2013\projects\engine\engine\debug\engine.tlog\link.4480.write.1.tlog
c:\users\sorin\documents\visual studio 2013\projects\engine\engine\debug\engine.tlog\link.command.1.tlog
c:\users\sorin\documents\visual studio 2013\projects\engine\engine\debug\engine.tlog\link.read.1.tlog
c:\users\sorin\documents\visual studio 2013\projects\engine\engine\debug\engine.tlog\link.write.1.tlog
